Using pre-set license
Built from 'trunk' branch; Version is '2020.2.0b2 (90b2443a8df1) revision 9482820'; Using compiler version '192528614'; Build Type 'Release'
OS: 'Windows 10  (10.0.0) 64bit' Language: 'en' Physical Memory: 32709 MB
BatchMode: 1, IsHumanControllingUs: 0, StartBugReporterOnCrash: 0, Is64bit: 1, IsPro: 0

 COMMAND LINE ARGUMENTS:
C:\Program Files\Unity\Hub\Editor\2020.2.0b2\Editor\Unity.exe
-adb2
-batchMode
-noUpm
-name
AssetImportWorker0
-projectPath
C:/Users/Chris/Documents/GitHub/the-intercept
-logFile
Logs/AssetImportWorker0.log
-srvPort
53513
Successfully changed project path to: C:/Users/Chris/Documents/GitHub/the-intercept
C:/Users/Chris/Documents/GitHub/the-intercept
Using Asset Import Pipeline V2.
Refreshing native plugins compatible for Editor in 32.71 ms, found 0 plugins.
Preloading 0 native plugins for Editor in 0.00 ms.
Initialize engine version: 2020.2.0b2 (90b2443a8df1)
[Subsystems] Discovering subsystems at path C:/Program Files/Unity/Hub/Editor/2020.2.0b2/Editor/Data/Resources/UnitySubsystems
[Subsystems] Discovering subsystems at path C:/Users/Chris/Documents/GitHub/the-intercept/Assets
GfxDevice: creating device client; threaded=0
Direct3D:
    Version:  Direct3D 11.0 [level 11.1]
    Renderer: NVIDIA GeForce GTX 970 (ID=0x13c2)
    Vendor:   
    VRAM:     4043 MB
    Driver:   27.21.14.5167
Initialize mono
Mono path[0] = 'C:/Program Files/Unity/Hub/Editor/2020.2.0b2/Editor/Data/Managed'
Mono path[1] = 'C:/Program Files/Unity/Hub/Editor/2020.2.0b2/Editor/Data/MonoBleedingEdge/lib/mono/unityjit'
Mono config path = 'C:/Program Files/Unity/Hub/Editor/2020.2.0b2/Editor/Data/MonoBleedingEdge/etc'
Using monoOptions --debugger-agent=transport=dt_socket,embedding=1,server=y,suspend=n,address=127.0.0.1:56268
Begin MonoManager ReloadAssembly
Registering precompiled unity dll's ...
Register platform support module: C:/Program Files/Unity/Hub/Editor/2020.2.0b2/Editor/Data/PlaybackEngines/WebGLSupport/UnityEditor.WebGL.Extensions.dll
Register platform support module: C:/Program Files/Unity/Hub/Editor/2020.2.0b2/Editor/Data/PlaybackEngines/MacStandaloneSupport/UnityEditor.OSXStandalone.Extensions.dll
Register platform support module: C:/Program Files/Unity/Hub/Editor/2020.2.0b2/Editor/Data/PlaybackEngines/WindowsStandaloneSupport/UnityEditor.WindowsStandalone.Extensions.dll
Registered in 0.002965 seconds.
Native extension for WindowsStandalone target not found
Native extension for OSXStandalone target not found
Native extension for WebGL target not found
Refreshing native plugins compatible for Editor in 29.23 ms, found 0 plugins.
Preloading 0 native plugins for Editor in 0.00 ms.
Invoked RoslynAnalysisRunner static constructor.
RoslynAnalysisRunner will not be running.
RoslynAnalysisRunner has terminated.
Mono: successfully reloaded assembly
- Completed reload, in  3.175 seconds
Registering precompiled user dll's ...
Registered in 0.062507 seconds.
Platform modules already initialized, skipping
Begin MonoManager ReloadAssembly
Symbol file LoadedFromMemory doesn't match image C:\Users\Chris\Documents\GitHub\the-intercept\Library\PackageCache\com.unity.ext.nunit@1.0.0\net35\unity-custom\nunit.framework.dll
Native extension for WindowsStandalone target not found
Native extension for OSXStandalone target not found
Native extension for WebGL target not found
Refreshing native plugins compatible for Editor in 0.26 ms, found 0 plugins.
Preloading 0 native plugins for Editor in 0.00 ms.
Invoked RoslynAnalysisRunner static constructor.
RoslynAnalysisRunner will not be running.
RoslynAnalysisRunner has terminated.
Mono: successfully reloaded assembly
- Completed reload, in  1.085 seconds
Platform modules already initialized, skipping
========================================================================
Worker process is ready to serve import requests
Launched and connected shader compiler UnityShaderCompiler.exe after 0.06 seconds
Refreshing native plugins compatible for Editor in 0.27 ms, found 0 plugins.
Preloading 0 native plugins for Editor in 0.00 ms.
Unloading 1145 Unused Serialized files (Serialized files now loaded: 0)
System memory in use before: 58.9 MB.
System memory in use after: 59.0 MB.

Unloading 6 unused Assets to reduce memory usage. Loaded Objects now: 1582.
Total: 2.654300 ms (FindLiveObjects: 0.529600 ms CreateObjectMapping: 0.136500 ms MarkObjects: 1.935400 ms  DeleteObjects: 0.051300 ms)

========================================================================
Received Import Request.
  path: Assets/SFX
  artifactKey: Guid(69cc97e9120e64e0aaf82154d7c19444) Importer(815301076,1909f56bfc062723c751e8b465ee728b)
Start importing Assets/SFX using Guid(69cc97e9120e64e0aaf82154d7c19444) Importer(815301076,1909f56bfc062723c751e8b465ee728b)  -> (artifact id: 'b15359111faff90c8c8b1530421aa6d7') in 0.011856 seconds
  Import took 0.017679 seconds .

========================================================================
Received Import Request.
  Time since last request: 0.000252 seconds.
  path: Assets/Textures
  artifactKey: Guid(b2bfab046c58a4c3c954534af6af9e62) Importer(815301076,1909f56bfc062723c751e8b465ee728b)
Start importing Assets/Textures using Guid(b2bfab046c58a4c3c954534af6af9e62) Importer(815301076,1909f56bfc062723c751e8b465ee728b)  -> (artifact id: 'f21ffe900feb24b0e330fa5a83323f79') in 0.013887 seconds
  Import took 0.017104 seconds .

========================================================================
Received Import Request.
  Time since last request: 0.000190 seconds.
  path: Assets/Scenes
  artifactKey: Guid(bad937f39dfce435fa77ff817a4009f6) Importer(815301076,1909f56bfc062723c751e8b465ee728b)
Start importing Assets/Scenes using Guid(bad937f39dfce435fa77ff817a4009f6) Importer(815301076,1909f56bfc062723c751e8b465ee728b)  -> (artifact id: '0a7e1b86c06715aa521ca67aeb43b73b') in 0.014506 seconds
  Import took 0.018270 seconds .

========================================================================
Received Import Request.
  Time since last request: 0.000042 seconds.
  path: Assets/Standard Assets
  artifactKey: Guid(d2d5034802611447d91f7a23b9504b32) Importer(815301076,1909f56bfc062723c751e8b465ee728b)
Start importing Assets/Standard Assets using Guid(d2d5034802611447d91f7a23b9504b32) Importer(815301076,1909f56bfc062723c751e8b465ee728b)  -> (artifact id: '60c9d54daddee5b5d890fd0f3fc52b1e') in 0.018509 seconds
  Import took 0.023923 seconds .

========================================================================
Received Import Request.
  Time since last request: 0.000187 seconds.
  path: Assets/Plugins
  artifactKey: Guid(d9dc5d5c345b24935b883259c8e54e3e) Importer(815301076,1909f56bfc062723c751e8b465ee728b)
Start importing Assets/Plugins using Guid(d9dc5d5c345b24935b883259c8e54e3e) Importer(815301076,1909f56bfc062723c751e8b465ee728b)  -> (artifact id: '3ac62f03fb7a02fb7ac37a6671a2da09') in 0.009902 seconds
  Import took 0.014780 seconds .

========================================================================
Received Import Request.
  Time since last request: 0.000201 seconds.
  path: Assets/Scripts
  artifactKey: Guid(10cb2de67dabc4085a15b7ab5dece59d) Importer(815301076,1909f56bfc062723c751e8b465ee728b)
Start importing Assets/Scripts using Guid(10cb2de67dabc4085a15b7ab5dece59d) Importer(815301076,1909f56bfc062723c751e8b465ee728b)  -> (artifact id: '0278cbeb0cd1e5d17a57631277cbb2c7') in 0.013000 seconds
  Import took 0.016381 seconds .

========================================================================
Received Import Request.
  Time since last request: 0.000059 seconds.
  path: Assets/Scenes/Demo.unity
  artifactKey: Guid(6372090b808f944d2b6ea2411db96314) Importer(815301076,1909f56bfc062723c751e8b465ee728b)
Start importing Assets/Scenes/Demo.unity using Guid(6372090b808f944d2b6ea2411db96314) Importer(815301076,1909f56bfc062723c751e8b465ee728b)  -> (artifact id: '86a1fc13341851b150fb9421288b2de1') in 0.031949 seconds
  Import took 0.036921 seconds .

========================================================================
Received Import Request.
  Time since last request: 0.000214 seconds.
  path: Assets/Prefabs
  artifactKey: Guid(835aff129f41744eab8b2309a8210f53) Importer(815301076,1909f56bfc062723c751e8b465ee728b)
Start importing Assets/Prefabs using Guid(835aff129f41744eab8b2309a8210f53) Importer(815301076,1909f56bfc062723c751e8b465ee728b)  -> (artifact id: '2b9abfe7d0d3cc6e6298c852d647440a') in 0.016728 seconds
  Import took 0.022135 seconds .

========================================================================
Received Import Request.
  Time since last request: 0.000548 seconds.
  path: Assets/Editor
  artifactKey: Guid(80c31d908857648ca9e6fe0eeffaeb61) Importer(815301076,1909f56bfc062723c751e8b465ee728b)
Start importing Assets/Editor using Guid(80c31d908857648ca9e6fe0eeffaeb61) Importer(815301076,1909f56bfc062723c751e8b465ee728b)  -> (artifact id: 'e27f140a689463ff1d0bb52daa72ca49') in 0.016251 seconds
  Import took 0.019966 seconds .

========================================================================
Received Import Request.
  Time since last request: 0.000273 seconds.
  path: Assets/Fonts
  artifactKey: Guid(8233454ba9dd343a483e54f592f822e3) Importer(815301076,1909f56bfc062723c751e8b465ee728b)
Start importing Assets/Fonts using Guid(8233454ba9dd343a483e54f592f822e3) Importer(815301076,1909f56bfc062723c751e8b465ee728b)  -> (artifact id: 'd1b3193909de2e46e7de948421650957') in 0.023817 seconds
  Import took 0.031978 seconds .

========================================================================
Received Import Request.
  Time since last request: 0.000199 seconds.
  path: Assets/Ink
  artifactKey: Guid(c50c7fe3482504f109496bda24473c29) Importer(815301076,1909f56bfc062723c751e8b465ee728b)
Start importing Assets/Ink using Guid(c50c7fe3482504f109496bda24473c29) Importer(815301076,1909f56bfc062723c751e8b465ee728b)  -> (artifact id: 'ead97aff29fa574072f0c5427ff3321f') in 0.017011 seconds
  Import took 0.021184 seconds .

========================================================================
Received Prepare
Reloading mono domain
Begin MonoManager ReloadAssembly
Registering precompiled unity dll's ...
Register platform support module: C:/Program Files/Unity/Hub/Editor/2020.2.0b2/Editor/Data/PlaybackEngines/WebGLSupport/UnityEditor.WebGL.Extensions.dll
Register platform support module: C:/Program Files/Unity/Hub/Editor/2020.2.0b2/Editor/Data/PlaybackEngines/MacStandaloneSupport/UnityEditor.OSXStandalone.Extensions.dll
Register platform support module: C:/Program Files/Unity/Hub/Editor/2020.2.0b2/Editor/Data/PlaybackEngines/WindowsStandaloneSupport/UnityEditor.WindowsStandalone.Extensions.dll
Registered in 0.002055 seconds.
Symbol file LoadedFromMemory doesn't match image C:\Users\Chris\Documents\GitHub\the-intercept\Library\PackageCache\com.unity.ext.nunit@1.0.0\net35\unity-custom\nunit.framework.dll
Native extension for WindowsStandalone target not found
Native extension for OSXStandalone target not found
Native extension for WebGL target not found
Refreshing native plugins compatible for Editor in 21.67 ms, found 0 plugins.
Preloading 0 native plugins for Editor in 0.00 ms.
Invoked RoslynAnalysisRunner static constructor.
RoslynAnalysisRunner will not be running.
RoslynAnalysisRunner has terminated.
Mono: successfully reloaded assembly
- Completed reload, in  3.698 seconds
Registering precompiled user dll's ...
Registered in 0.048088 seconds.
Platform modules already initialized, skipping
Begin MonoManager ReloadAssembly
Symbol file LoadedFromMemory doesn't match image C:\Users\Chris\Documents\GitHub\the-intercept\Library\PackageCache\com.unity.ext.nunit@1.0.0\net35\unity-custom\nunit.framework.dll
Native extension for WindowsStandalone target not found
Native extension for OSXStandalone target not found
Native extension for WebGL target not found
Refreshing native plugins compatible for Editor in 0.23 ms, found 0 plugins.
Preloading 0 native plugins for Editor in 0.00 ms.
Invoked RoslynAnalysisRunner static constructor.
RoslynAnalysisRunner will not be running.
RoslynAnalysisRunner has terminated.
Mono: successfully reloaded assembly
- Completed reload, in  1.586 seconds
Platform modules already initialized, skipping
Refreshing native plugins compatible for Editor in 0.32 ms, found 0 plugins.
Preloading 0 native plugins for Editor in 0.00 ms.
Unloading 7 Unused Serialized files (Serialized files now loaded: 0)
System memory in use before: 36.3 MB.
System memory in use after: 36.4 MB.

Unloading 6 unused Assets to reduce memory usage. Loaded Objects now: 1586.
Total: 1.799500 ms (FindLiveObjects: 0.309000 ms CreateObjectMapping: 0.075900 ms MarkObjects: 1.398300 ms  DeleteObjects: 0.015000 ms)

AssetImportWorkerClient::OnTransportError - code=2 error=End of file
